\BOOKMARK [1][-]{section*.5}{\376\377\000F\000i\000g\000u\000r\000e\000s}{}% 1
\BOOKMARK [1][-]{section*.6}{\376\377\000T\000a\000b\000l\000e\000s}{}% 2
\BOOKMARK [0][-]{chapter*.7}{\376\377\000P\000l\000a\000n\000n\000i\000n\000g}{}% 3
\BOOKMARK [1][-]{section*.8}{\376\377\000S\000u\000c\000c\000e\000s\000s\000\040\000C\000r\000i\000t\000e\000r\000i\000a}{chapter*.7}% 4
\BOOKMARK [1][-]{section*.11}{\376\377\000C\000l\000i\000e\000n\000t}{chapter*.7}% 5
\BOOKMARK [0][-]{chapter*.14}{\376\377\000S\000o\000l\000u\000t\000i\000o\000n\000\040\000o\000v\000e\000r\000v\000i\000e\000w}{}% 6
\BOOKMARK [1][-]{section*.15}{\376\377\000D\000e\000s\000i\000g\000n}{chapter*.14}% 7
\BOOKMARK [1][-]{section*.18}{\376\377\000R\000e\000c\000o\000r\000d\000\040\000o\000f\000\040\000t\000h\000e\000\040\000t\000a\000s\000k\000s}{chapter*.14}% 8
\BOOKMARK [0][-]{chapter*.21}{\376\377\000D\000e\000v\000e\000l\000o\000p\000m\000e\000n\000t}{}% 9
\BOOKMARK [1][-]{section*.22}{\376\377\000U\000s\000e\000\040\000o\000f\000\040\000T\000e\000c\000h\000n\000i\000q\000u\000e\000s}{chapter*.21}% 10
\BOOKMARK [1][-]{section*.25}{\376\377\000S\000u\000c\000c\000e\000s\000s\000\040\000o\000f\000\040\000P\000r\000o\000g\000r\000a\000m}{chapter*.21}% 11
\BOOKMARK [0][-]{chapter*.28}{\376\377\000D\000e\000v\000e\000l\000o\000p\000m\000e\000n\000t}{}% 12
\BOOKMARK [1][-]{section*.29}{\376\377\000S\000e\000c\000t\000i\000o\000n\000\040\0001\000\040\000-\000\040\000F\000u\000l\000l\000w\000i\000d\000t\000h\000\040\000E\000n\000v\000i\000r\000o\000n\000m\000e\000n\000t\000\040\000E\000x\000a\000m\000p\000l\000e}{chapter*.28}% 13
\BOOKMARK [1][-]{section*.32}{\376\377\000S\000e\000c\000t\000i\000o\000n\000\040\0002}{chapter*.28}% 14
\BOOKMARK [0][-]{chapter*.35}{\376\377\000F\000u\000c\000n\000t\000i\000o\000n\000a\000l\000i\000t\000y\000\040\000a\000n\000d\000\040\000e\000x\000t\000e\000n\000s\000i\000b\000i\000l\000i\000t\000y\000\040\000o\000f\000\040\000p\000r\000o\000d\000u\000c\000t}{}% 15
\BOOKMARK [1][-]{section*.36}{\376\377\000F\000u\000n\000c\000t\000i\000o\000n\000s}{chapter*.35}% 16
\BOOKMARK [1][-]{section*.39}{\376\377\000C\000o\000m\000m\000e\000r\000c\000i\000a\000l\000i\000z\000a\000t\000i\000o\000n}{chapter*.35}% 17
\BOOKMARK [0][-]{chapter*.42}{\376\377\000E\000v\000a\000l\000u\000t\000a\000t\000i\000o\000n}{}% 18
\BOOKMARK [1][-]{section*.43}{\376\377\000F\000e\000e\000d\000b\000a\000c\000k}{chapter*.42}% 19
\BOOKMARK [1][-]{section*.46}{\376\377\000F\000u\000r\000t\000h\000e\000r\000\040\000I\000m\000p\000r\000o\000v\000e\000m\000e\000n\000t}{chapter*.42}% 20
\BOOKMARK [0][-]{chapter*.49}{\376\377\000B\000i\000b\000l\000i\000o\000g\000r\000a\000p\000h\000y}{}% 21
\BOOKMARK [0][-]{chapter*.50}{\376\377\000I\000n\000d\000e\000x}{}% 22
